[debug] [2020-01-21T12:02:14.841Z] ----------------------------------------------------------------------
[debug] [2020-01-21T12:02:14.844Z] Command:       C:\Program Files\nodejs\node.exe C:\Users\Rahma\AppData\Roaming\npm\node_modules\firebase-tools\lib\bin\firebase.js init
[debug] [2020-01-21T12:02:14.844Z] CLI Version:   7.11.0
[debug] [2020-01-21T12:02:14.844Z] Platform:      win32
[debug] [2020-01-21T12:02:14.844Z] Node Version:  v10.16.3
[debug] [2020-01-21T12:02:14.845Z] Time:          Tue Jan 21 2020 14:02:14 GMT+0200 (Eastern European Standard Time)
[debug] [2020-01-21T12:02:14.845Z] ----------------------------------------------------------------------
[debug] [2020-01-21T12:02:14.845Z] 
[debug] [2020-01-21T12:02:14.856Z] > command requires scopes: ["email","openid","https://www.googleapis.com/auth/cloudplatformprojects.readonly","https://www.googleapis.com/auth/firebase","https://www.googleapis.com/auth/cloud-platform"]
[debug] [2020-01-21T12:02:14.856Z] > authorizing via signed-in user
[info] 
     ######## #### ########  ######## ########     ###     ######  ########
     ##        ##  ##     ## ##       ##     ##  ##   ##  ##       ##
     ######    ##  ########  ######   ########  #########  ######  ######
     ##        ##  ##    ##  ##       ##     ## ##     ##       ## ##
     ##       #### ##     ## ######## ########  ##     ##  ######  ########

You're about to initialize a Firebase project in this directory:

  C:\Users\Rahma\Desktop\asleeee\Front-End\src\firebase

[info] 
=== Project Setup
[info] 
[info] First, let's associate this project directory with a Firebase project.
[info] You can create multiple project aliases by running firebase use --add, 
[info] but for now we'll just set up a default project.
[info] 
[debug] [2020-01-21T12:03:01.166Z] > refreshing access token with scopes: ["email","https://www.googleapis.com/auth/cloud-platform","https://www.googleapis.com/auth/cloudplatformprojects.readonly","https://www.googleapis.com/auth/firebase","openid"]
[debug] [2020-01-21T12:03:01.167Z] >>> HTTP REQUEST POST https://www.googleapis.com/oauth2/v3/token  
 <request body omitted>
[debug] [2020-01-21T12:03:01.556Z] <<< HTTP RESPONSE 200
[debug] [2020-01-21T12:03:01.563Z] >>> HTTP REQUEST GET https://firebase.googleapis.com/v1beta1/availableProjects?pageSize=100  
 
[debug] [2020-01-21T12:03:02.439Z] <<< HTTP RESPONSE 200
